<?xml version="1.0" encoding="UTF-8"?>
<testng-results skipped="0" failed="0" ignored="0" total="1" passed="1">
  <reporter-output>
  </reporter-output>
  <suite name="Default suite" duration-ms="66" started-at="2021-11-10T17:55:26 IST" finished-at="2021-11-10T17:55:27 IST">
    <groups>
    </groups>
    <test name="Default test" duration-ms="66" started-at="2021-11-10T17:55:26 IST" finished-at="2021-11-10T17:55:27 IST">
      <class name="xyz.Tests.ReadDataFromCmdTest">
        <test-method status="PASS" signature="readData()[pri:0, instance:xyz.Tests.ReadDataFromCmdTest@5a8806ef]" name="readData" duration-ms="12" started-at="2021-11-10T17:55:26 IST" finished-at="2021-11-10T17:55:27 IST">
          <reporter-output>
          </reporter-output>
        </test-method> <!-- readData -->
      </class> <!-- xyz.Tests.ReadDataFromCmdTest -->
    </test> <!-- Default test -->
  </suite> <!-- Default suite -->
</testng-results>
